<?xml version="1.0" encoding="UTF-8"?>
<testsuite xmlns:xsi="http://www.w3.org/2001/XMLSchema-instance" xsi:noNamespaceSchemaLocation="https://maven.apache.org/surefire/maven-surefire-plugin/xsd/surefire-test-report.xsd" name="com.example.robot.commands.FallRobotTest" time="0.017" tests="12" errors="0" skipped="0" failures="0">
  <properties>
    <property name="sun.desktop" value="windows"/>
    <property name="awt.toolkit" value="sun.awt.windows.WToolkit"/>
    <property name="file.encoding.pkg" value="sun.io"/>
    <property name="java.specification.version" value="1.8"/>
    <property name="sun.cpu.isalist" value="amd64"/>
    <property name="sun.jnu.encoding" value="Cp1252"/>
    <property name="java.class.path" value="C:\data\intJWorkspace\toy-robot-simulator\target\test-classes;C:\data\intJWorkspace\toy-robot-simulator\target\classes;C:\Users\d856023\.m2\repository\org\projectlombok\lombok\1.18.8\lombok-1.18.8.jar;C:\Users\d856023\.m2\repository\org\junit\jupiter\junit-jupiter\5.5.2\junit-jupiter-5.5.2.jar;C:\Users\d856023\.m2\repository\org\junit\jupiter\junit-jupiter-api\5.5.2\junit-jupiter-api-5.5.2.jar;C:\Users\d856023\.m2\repository\org\opentest4j\opentest4j\1.2.0\opentest4j-1.2.0.jar;C:\Users\d856023\.m2\repository\org\junit\platform\junit-platform-commons\1.5.2\junit-platform-commons-1.5.2.jar;C:\Users\d856023\.m2\repository\org\junit\jupiter\junit-jupiter-engine\5.5.2\junit-jupiter-engine-5.5.2.jar;C:\Users\d856023\.m2\repository\org\junit\platform\junit-platform-engine\1.5.2\junit-platform-engine-1.5.2.jar;C:\Users\d856023\.m2\repository\org\junit\jupiter\junit-jupiter-params\5.5.2\junit-jupiter-params-5.5.2.jar;C:\Users\d856023\.m2\repository\org\apiguardian\apiguardian-api\1.1.0\apiguardian-api-1.1.0.jar;C:\Users\d856023\.m2\repository\commons-cli\commons-cli\1.4\commons-cli-1.4.jar;C:\Users\d856023\.m2\repository\org\mockito\mockito-core\2.28.2\mockito-core-2.28.2.jar;C:\Users\d856023\.m2\repository\net\bytebuddy\byte-buddy\1.9.10\byte-buddy-1.9.10.jar;C:\Users\d856023\.m2\repository\net\bytebuddy\byte-buddy-agent\1.9.10\byte-buddy-agent-1.9.10.jar;C:\Users\d856023\.m2\repository\org\objenesis\objenesis\2.6\objenesis-2.6.jar;"/>
    <property name="java.vm.vendor" value="Oracle Corporation"/>
    <property name="sun.arch.data.model" value="64"/>
    <property name="user.variant" value=""/>
    <property name="java.vendor.url" value="http://java.oracle.com/"/>
    <property name="user.timezone" value="Australia/Sydney"/>
    <property name="java.vm.specification.version" value="1.8"/>
    <property name="os.name" value="Windows 10"/>
    <property name="user.country" value="AU"/>
    <property name="sun.java.launcher" value="SUN_STANDARD"/>
    <property name="sun.boot.library.path" value="C:\data\softwares\jdk1.8.0_231\jre\bin"/>
    <property name="sun.java.command" value="C:\Users\d856023\AppData\Local\Temp\surefire9003404894375113653\surefirebooter2334851945420001242.jar C:\Users\d856023\AppData\Local\Temp\surefire9003404894375113653 2019-12-20T14-36-59_593-jvmRun1 surefire5866088241860658353tmp surefire_07099836250194823457tmp"/>
    <property name="surefire.test.class.path" value="C:\data\intJWorkspace\toy-robot-simulator\target\test-classes;C:\data\intJWorkspace\toy-robot-simulator\target\classes;C:\Users\d856023\.m2\repository\org\projectlombok\lombok\1.18.8\lombok-1.18.8.jar;C:\Users\d856023\.m2\repository\org\junit\jupiter\junit-jupiter\5.5.2\junit-jupiter-5.5.2.jar;C:\Users\d856023\.m2\repository\org\junit\jupiter\junit-jupiter-api\5.5.2\junit-jupiter-api-5.5.2.jar;C:\Users\d856023\.m2\repository\org\opentest4j\opentest4j\1.2.0\opentest4j-1.2.0.jar;C:\Users\d856023\.m2\repository\org\junit\platform\junit-platform-commons\1.5.2\junit-platform-commons-1.5.2.jar;C:\Users\d856023\.m2\repository\org\junit\jupiter\junit-jupiter-engine\5.5.2\junit-jupiter-engine-5.5.2.jar;C:\Users\d856023\.m2\repository\org\junit\platform\junit-platform-engine\1.5.2\junit-platform-engine-1.5.2.jar;C:\Users\d856023\.m2\repository\org\junit\jupiter\junit-jupiter-params\5.5.2\junit-jupiter-params-5.5.2.jar;C:\Users\d856023\.m2\repository\org\apiguardian\apiguardian-api\1.1.0\apiguardian-api-1.1.0.jar;C:\Users\d856023\.m2\repository\commons-cli\commons-cli\1.4\commons-cli-1.4.jar;C:\Users\d856023\.m2\repository\org\mockito\mockito-core\2.28.2\mockito-core-2.28.2.jar;C:\Users\d856023\.m2\repository\net\bytebuddy\byte-buddy\1.9.10\byte-buddy-1.9.10.jar;C:\Users\d856023\.m2\repository\net\bytebuddy\byte-buddy-agent\1.9.10\byte-buddy-agent-1.9.10.jar;C:\Users\d856023\.m2\repository\org\objenesis\objenesis\2.6\objenesis-2.6.jar;"/>
    <property name="sun.cpu.endian" value="little"/>
    <property name="user.home" value="C:\Users\d856023"/>
    <property name="user.language" value="en"/>
    <property name="java.specification.vendor" value="Oracle Corporation"/>
    <property name="java.home" value="C:\data\softwares\jdk1.8.0_231\jre"/>
    <property name="basedir" value="C:\data\intJWorkspace\toy-robot-simulator"/>
    <property name="file.separator" value="\"/>
    <property name="line.separator" value="&#10;"/>
    <property name="java.vm.specification.vendor" value="Oracle Corporation"/>
    <property name="java.specification.name" value="Java Platform API Specification"/>
    <property name="java.awt.graphicsenv" value="sun.awt.Win32GraphicsEnvironment"/>
    <property name="surefire.real.class.path" value="C:\Users\d856023\AppData\Local\Temp\surefire9003404894375113653\surefirebooter2334851945420001242.jar;C:\\Users\\d856023\\.m2\\repository\\org\\jacoco\\org.jacoco.agent\\0.8.2\\org.jacoco.agent-0.8.2-runtime.jar"/>
    <property name="sun.boot.class.path" value="C:\data\softwares\jdk1.8.0_231\jre\lib\resources.jar;C:\data\softwares\jdk1.8.0_231\jre\lib\rt.jar;C:\data\softwares\jdk1.8.0_231\jre\lib\sunrsasign.jar;C:\data\softwares\jdk1.8.0_231\jre\lib\jsse.jar;C:\data\softwares\jdk1.8.0_231\jre\lib\jce.jar;C:\data\softwares\jdk1.8.0_231\jre\lib\charsets.jar;C:\data\softwares\jdk1.8.0_231\jre\lib\jfr.jar;C:\data\softwares\jdk1.8.0_231\jre\classes"/>
    <property name="user.script" value=""/>
    <property name="sun.management.compiler" value="HotSpot 64-Bit Tiered Compilers"/>
    <property name="java.runtime.version" value="1.8.0_231-b11"/>
    <property name="user.name" value="d856023"/>
    <property name="path.separator" value=";"/>
    <property name="os.version" value="10.0"/>
    <property name="java.endorsed.dirs" value="C:\data\softwares\jdk1.8.0_231\jre\lib\endorsed"/>
    <property name="java.runtime.name" value="Java(TM) SE Runtime Environment"/>
    <property name="file.encoding" value="Cp1252"/>
    <property name="java.vm.name" value="Java HotSpot(TM) 64-Bit Server VM"/>
    <property name="localRepository" value="C:\Users\d856023\.m2\repository"/>
    <property name="java.vendor.url.bug" value="http://bugreport.sun.com/bugreport/"/>
    <property name="java.io.tmpdir" value="C:\Users\d856023\AppData\Local\Temp\"/>
    <property name="java.version" value="1.8.0_231"/>
    <property name="user.dir" value="C:\data\intJWorkspace\toy-robot-simulator"/>
    <property name="os.arch" value="amd64"/>
    <property name="java.vm.specification.name" value="Java Virtual Machine Specification"/>
    <property name="java.awt.printerjob" value="sun.awt.windows.WPrinterJob"/>
    <property name="sun.os.patch.level" value=""/>
    <property name="java.library.path" value="C:\data\softwares\jdk1.8.0_231\jre\bin;C:\WINDOWS\Sun\Java\bin;C:\WINDOWS\system32;C:\WINDOWS;C:\ProgramData\DockerDesktop\version-bin;C:\Program Files\Docker\Docker\Resources\bin;C:\Program Files (x86)\Common Files\Oracle\Java\javapath;C:\WINDOWS\system32;C:\WINDOWS;C:\WINDOWS\System32\Wbem;C:\WINDOWS\System32\WindowsPowerShell\v1.0\;C:\Program Files (x86)\Sennheiser\SoftphoneSDK\;C:\Users\d856023\AppData\Local\Microsoft\WindowsApps;C:\data\softwares\JetBrains\bin;;C:\data\softwares\Git\cmd;."/>
    <property name="java.vm.info" value="mixed mode"/>
    <property name="java.vendor" value="Oracle Corporation"/>
    <property name="java.vm.version" value="25.231-b11"/>
    <property name="idea.version2019.3" value="true"/>
    <property name="java.ext.dirs" value="C:\data\softwares\jdk1.8.0_231\jre\lib\ext;C:\WINDOWS\Sun\Java\lib\ext"/>
    <property name="sun.io.unicode.encoding" value="UnicodeLittle"/>
    <property name="java.class.version" value="52.0"/>
  </properties>
  <testcase name="testOperation{String, String}[1]" classname="com.example.robot.commands.FallRobotTest" time="0"/>
  <testcase name="testOperation{String, String}[2]" classname="com.example.robot.commands.FallRobotTest" time="0.001"/>
  <testcase name="testOperation{String, String}[3]" classname="com.example.robot.commands.FallRobotTest" time="0"/>
  <testcase name="testOperation{String, String}[4]" classname="com.example.robot.commands.FallRobotTest" time="0"/>
  <testcase name="testOperation{String, String}[5]" classname="com.example.robot.commands.FallRobotTest" time="0"/>
  <testcase name="testOperation{String, String}[6]" classname="com.example.robot.commands.FallRobotTest" time="0"/>
  <testcase name="testOperation{String, String}[7]" classname="com.example.robot.commands.FallRobotTest" time="0"/>
  <testcase name="testOperation{String, String}[8]" classname="com.example.robot.commands.FallRobotTest" time="0"/>
  <testcase name="testOperation{String, String}[9]" classname="com.example.robot.commands.FallRobotTest" time="0"/>
  <testcase name="testOperation{String, String}[10]" classname="com.example.robot.commands.FallRobotTest" time="0.002"/>
  <testcase name="testOperation{String, String}[11]" classname="com.example.robot.commands.FallRobotTest" time="0.003"/>
  <testcase name="testOperation{String, String}[12]" classname="com.example.robot.commands.FallRobotTest" time="0.002"/>
</testsuite>